<?xml version="1.0" encoding="UTF-8"?>
<testng-results skipped="0" failed="0" ignored="0" total="1" passed="1">
  <reporter-output>
  </reporter-output>
  <suite name="Suite" duration-ms="32" started-at="2017-08-21T13:41:44Z" finished-at="2017-08-21T13:41:44Z">
    <groups>
    </groups>
    <test name="Test" duration-ms="32" started-at="2017-08-21T13:41:44Z" finished-at="2017-08-21T13:41:44Z">
      <class name="mars.Demo">
        <test-method status="PASS" signature="test()[pri:0, instance:mars.Demo@21bcffb5]" name="test" duration-ms="10" started-at="2017-08-21T19:11:44Z" finished-at="2017-08-21T19:11:44Z">
          <reporter-output>
          </reporter-output>
        </test-method> <!-- test -->
      </class> <!-- mars.Demo -->
    </test> <!-- Test -->
  </suite> <!-- Suite -->
</testng-results>
