<?xml version="1.0" encoding="UTF-8"?>
<testng-results skipped="0" failed="0" ignored="0" total="1" passed="1">
  <reporter-output>
  </reporter-output>
  <suite name="Default suite" duration-ms="63" started-at="2017-08-21T13:41:23Z" finished-at="2017-08-21T13:41:23Z">
    <groups>
    </groups>
    <test name="Default test" duration-ms="63" started-at="2017-08-21T13:41:23Z" finished-at="2017-08-21T13:41:23Z">
      <class name="mars.Demo">
        <test-method status="PASS" signature="test()[pri:0, instance:mars.Demo@d8355a8]" name="test" duration-ms="17" started-at="2017-08-21T19:11:23Z" finished-at="2017-08-21T19:11:23Z">
          <reporter-output>
          </reporter-output>
        </test-method> <!-- test -->
      </class> <!-- mars.Demo -->
    </test> <!-- Default test -->
  </suite> <!-- Default suite -->
</testng-results>
